C:\Users\Eng Abdallah Saad\Documents\Visual Studio 2010\Student Record System\Debug\Student Record System.exe
C:\Users\Eng Abdallah Saad\Documents\Visual Studio 2010\Student Record System\Debug\Student Record System.pdb
C:\USERS\ENG ABDALLAH SAAD\DOCUMENTS\VISUAL STUDIO 2010\STUDENT RECORD SYSTEM\STUDENT RECORD SYSTEM\DEBUG\.NETFRAMEWORK,VERSION=V4.0.ASSEMBLYATTRIBUTES.OBJ
C:\USERS\ENG ABDALLAH SAAD\DOCUMENTS\VISUAL STUDIO 2010\STUDENT RECORD SYSTEM\STUDENT RECORD SYSTEM\DEBUG\APP.RES
C:\USERS\ENG ABDALLAH SAAD\DOCUMENTS\VISUAL STUDIO 2010\STUDENT RECORD SYSTEM\STUDENT RECORD SYSTEM\DEBUG\ASSEMBLYINFO.OBJ
C:\Users\Eng Abdallah Saad\Documents\Visual Studio 2010\Student Record System\Student Record System\Debug\cl.command.1.tlog
C:\Users\Eng Abdallah Saad\Documents\Visual Studio 2010\Student Record System\Student Record System\Debug\CL.read.1.tlog
C:\Users\Eng Abdallah Saad\Documents\Visual Studio 2010\Student Record System\Student Record System\Debug\CL.write.1.tlog
C:\USERS\ENG ABDALLAH SAAD\DOCUMENTS\VISUAL STUDIO 2010\STUDENT RECORD SYSTEM\STUDENT RECORD SYSTEM\DEBUG\FORM10.OBJ
C:\USERS\ENG ABDALLAH SAAD\DOCUMENTS\VISUAL STUDIO 2010\STUDENT RECORD SYSTEM\STUDENT RECORD SYSTEM\DEBUG\FORM2.OBJ
C:\USERS\ENG ABDALLAH SAAD\DOCUMENTS\VISUAL STUDIO 2010\STUDENT RECORD SYSTEM\STUDENT RECORD SYSTEM\DEBUG\FORM21.OBJ
C:\USERS\ENG ABDALLAH SAAD\DOCUMENTS\VISUAL STUDIO 2010\STUDENT RECORD SYSTEM\STUDENT RECORD SYSTEM\DEBUG\FORM23.OBJ
C:\USERS\ENG ABDALLAH SAAD\DOCUMENTS\VISUAL STUDIO 2010\STUDENT RECORD SYSTEM\STUDENT RECORD SYSTEM\DEBUG\FORM3.OBJ
C:\USERS\ENG ABDALLAH SAAD\DOCUMENTS\VISUAL STUDIO 2010\STUDENT RECORD SYSTEM\STUDENT RECORD SYSTEM\DEBUG\FORM4.OBJ
C:\USERS\ENG ABDALLAH SAAD\DOCUMENTS\VISUAL STUDIO 2010\STUDENT RECORD SYSTEM\STUDENT RECORD SYSTEM\DEBUG\FORM5.OBJ
C:\USERS\ENG ABDALLAH SAAD\DOCUMENTS\VISUAL STUDIO 2010\STUDENT RECORD SYSTEM\STUDENT RECORD SYSTEM\DEBUG\FORM6.OBJ
C:\USERS\ENG ABDALLAH SAAD\DOCUMENTS\VISUAL STUDIO 2010\STUDENT RECORD SYSTEM\STUDENT RECORD SYSTEM\DEBUG\FORM7.OBJ
C:\USERS\ENG ABDALLAH SAAD\DOCUMENTS\VISUAL STUDIO 2010\STUDENT RECORD SYSTEM\STUDENT RECORD SYSTEM\DEBUG\FORM8.OBJ
C:\USERS\ENG ABDALLAH SAAD\DOCUMENTS\VISUAL STUDIO 2010\STUDENT RECORD SYSTEM\STUDENT RECORD SYSTEM\DEBUG\FORM9.OBJ
C:\Users\Eng Abdallah Saad\Documents\Visual Studio 2010\Student Record System\Student Record System\Debug\link.command.1.tlog
C:\Users\Eng Abdallah Saad\Documents\Visual Studio 2010\Student Record System\Student Record System\Debug\link.read.1.tlog
C:\Users\Eng Abdallah Saad\Documents\Visual Studio 2010\Student Record System\Student Record System\Debug\link.write.1.tlog
C:\Users\Eng Abdallah Saad\Documents\Visual Studio 2010\Student Record System\Student Record System\Debug\rc.command.1.tlog
C:\Users\Eng Abdallah Saad\Documents\Visual Studio 2010\Student Record System\Student Record System\Debug\rc.read.1.tlog
C:\Users\Eng Abdallah Saad\Documents\Visual Studio 2010\Student Record System\Student Record System\Debug\rc.write.1.tlog
C:\USERS\ENG ABDALLAH SAAD\DOCUMENTS\VISUAL STUDIO 2010\STUDENT RECORD SYSTEM\STUDENT RECORD SYSTEM\DEBUG\STDAFX.OBJ
C:\USERS\ENG ABDALLAH SAAD\DOCUMENTS\VISUAL STUDIO 2010\STUDENT RECORD SYSTEM\STUDENT RECORD SYSTEM\DEBUG\STUDENT RECORD SYSTEM.OBJ
C:\USERS\ENG ABDALLAH SAAD\DOCUMENTS\VISUAL STUDIO 2010\STUDENT RECORD SYSTEM\STUDENT RECORD SYSTEM\DEBUG\STUDENT RECORD SYSTEM.PCH
C:\Users\Eng Abdallah Saad\Documents\Visual Studio 2010\Student Record System\Student Record System\Debug\Student Record System.vcxproj.GenerateResource.Cache
C:\Users\Eng Abdallah Saad\Documents\Visual Studio 2010\Student Record System\Student Record System\Debug\Student Record System.vcxprojResolveAssemblyReference.cache
C:\Users\Eng Abdallah Saad\Documents\Visual Studio 2010\Student Record System\Student Record System\Debug\Student Record System.write.1.tlog
C:\Users\Eng Abdallah Saad\Documents\Visual Studio 2010\Student Record System\Student Record System\Debug\StudentRecordSystem.Form1.resources
C:\Users\Eng Abdallah Saad\Documents\Visual Studio 2010\Student Record System\Student Record System\Debug\StudentRecordSystem.Form10.resources
C:\Users\Eng Abdallah Saad\Documents\Visual Studio 2010\Student Record System\Student Record System\Debug\StudentRecordSystem.Form2.resources
C:\Users\Eng Abdallah Saad\Documents\Visual Studio 2010\Student Record System\Student Record System\Debug\StudentRecordSystem.Form21.resources
C:\Users\Eng Abdallah Saad\Documents\Visual Studio 2010\Student Record System\Student Record System\Debug\StudentRecordSystem.Form23.resources
C:\Users\Eng Abdallah Saad\Documents\Visual Studio 2010\Student Record System\Student Record System\Debug\StudentRecordSystem.Form3.resources
C:\Users\Eng Abdallah Saad\Documents\Visual Studio 2010\Student Record System\Student Record System\Debug\StudentRecordSystem.Form4.resources
C:\Users\Eng Abdallah Saad\Documents\Visual Studio 2010\Student Record System\Student Record System\Debug\StudentRecordSystem.Form5.resources
C:\Users\Eng Abdallah Saad\Documents\Visual Studio 2010\Student Record System\Student Record System\Debug\StudentRecordSystem.Form6.resources
C:\Users\Eng Abdallah Saad\Documents\Visual Studio 2010\Student Record System\Student Record System\Debug\StudentRecordSystem.Form7.resources
C:\Users\Eng Abdallah Saad\Documents\Visual Studio 2010\Student Record System\Student Record System\Debug\StudentRecordSystem.Form8.resources
C:\Users\Eng Abdallah Saad\Documents\Visual Studio 2010\Student Record System\Student Record System\Debug\StudentRecordSystem.Form9.resources
C:\USERS\ENG ABDALLAH SAAD\DOCUMENTS\VISUAL STUDIO 2010\STUDENT RECORD SYSTEM\STUDENT RECORD SYSTEM\DEBUG\VC100.PDB
